#
# A fatal error has been detected by the Java Runtime Environment:
#
#  EXCEPTION_ACCESS_VIOLATION (0xc0000005) at pc=0x00007ff9572526c4, pid=16608, tid=10120
#
# JRE version: OpenJDK Runtime Environment (24.0.1+9) (build 24.0.1+9-30)
# Java VM: OpenJDK 64-Bit Server VM (24.0.1+9-30, mixed mode, sharing, tiered, compressed oops, compressed class ptrs, g1 gc, windows-amd64)
# Problematic frame:
# C  [libasyncProfiler.dll+0x926c4]
#
# No core dump will be written. Minidumps are not enabled by default on client versions of Windows
#
# JFR recording file will be written. Location: C:\Users\DrozzzD35\IdeaProjects\Bookkeeping\hs_err_pid16608.jfr
#
# If you would like to submit a bug report, please visit:
#   https://bugreport.java.com/bugreport/crash.jsp
# The crash happened outside the Java Virtual Machine in native code.
# See problematic frame for where to report the bug.
#

---------------  S U M M A R Y ------------

Command Line: -javaagent:C:\Program Files\JetBrains\IntelliJIdea2025.1\lib\idea_rt.jar=53946 -Dfile.encoding=UTF-8 -Dsun.stdout.encoding=UTF-8 -Dsun.stderr.encoding=UTF-8 Main

Host: AMD Ryzen 5 7400F 6-Core Processor             , 12 cores, 31G,  Windows 11 , 64 bit Build 26100 (10.0.26100.6725)
Time: Sat Dec 13 01:32:41 2025 RTZ 2 (s 11 , 64 bit Build 26100 (10.0.26100.6725) elapsed time: 103.575784 seconds (0d 0h 1m 43s)

---------------  T H R E A D  ---------------

Current thread (0x000001b64d0156d0):  JavaThread "Attach Listener" daemon [_thread_in_native, id=10120, stack(0x0000008488600000,0x0000008488700000) (1024K)]

Stack: [0x0000008488600000,0x0000008488700000],  sp=0x00000084886ff380,  free space=1020k
Native frames: (J=compiled Java code, j=interpreted, Vv=VM code, C=native code)
C  [libasyncProfiler.dll+0x926c4]  (no source info available)
C  [libasyncProfiler.dll+0x92b9b]  (no source info available)
C  [libasyncProfiler.dll+0x917f4]  (no source info available)
C  [libasyncProfiler.dll+0x9206a]  (no source info available)
C  [libasyncProfiler.dll+0x8cc21]  (no source info available)
C  [libasyncProfiler.dll+0x7e5e1]  (no source info available)
C  [libasyncProfiler.dll+0x7d2f8]  (no source info available)
C  [libasyncProfiler.dll+0x7d1e0]  (no source info available)
C  [libasyncProfiler.dll+0x841b9]  (no source info available)
V  [jvm.dll+0x57eff7]  (no source info available)
V  [jvm.dll+0x57fdac]  (no source info available)
V  [jvm.dll+0x14ca17]  (no source info available)
V  [jvm.dll+0x14dfe1]  (no source info available)
V  [jvm.dll+0x42f456]  (no source info available)
V  [jvm.dll+0x87d76b]  (no source info available)
V  [jvm.dll+0x72ee55]  (no source info available)
C  [ucrtbase.dll+0x37b0]  (no source info available)
C  [KERNEL32.DLL+0x2e8d7]  (no source info available)
C  [ntdll.dll+0x8c53c]  (no source info available)


siginfo: EXCEPTION_ACCESS_VIOLATION (0xc0000005), reading address 0xffffffffffffffff


Registers:
RAX=0x0000000000000010, RBX=0x0000000000000000, RCX=0xffffffffffffffff, RDX=0x007ff956a0300010
RSP=0x00000084886ff380, RBP=0x000001b64d9a00e0, RSI=0x00000084886ff4f0, RDI=0x000001b64d9a00e0
R8 =0x0000000000000042, R9 =0x0000000626401ed8, R10=0x00007ff956c79fb0, R11=0x0000000000000002
R12=0x00000084886ff4f0, R13=0x000001b64d0fd460, R14=0x000001b64d015a98, R15=0x000001b64d015a98
RIP=0x00007ff9572526c4, EFLAGS=0x0000000000010202

XMM[0]=0x0000000000000000 0x0000000000000000
XMM[1]=0x0000000000000000 0x0000000000000000
XMM[2]=0x0000000000000000 0x0000000000000000
XMM[3]=0x0000000000000000 0x0000000000000000
XMM[4]=0x0000000000000000 0x0000000000000000
XMM[5]=0x0000000000000000 0x0000000000000000
XMM[6]=0x0000000000000000 0x0000000000000000
XMM[7]=0x0000000000000000 0x0000000000000000
XMM[8]=0x0000000000000000 0x0000000000000000
XMM[9]=0x0000000000000000 0x0000000000000000
XMM[10]=0x0000000000000000 0x0000000000000000
XMM[11]=0x0000000000000000 0x0000000000000000
XMM[12]=0x0000000000000000 0x0000000000000000
XMM[13]=0x0000000000000000 0x0000000000000000
XMM[14]=0x0000000000000000 0x0000000000000000
XMM[15]=0x0000000000000000 0x0000000000000000
  MXCSR=0x00001fa0


Register to memory mapping:

RAX=0x0000000000000010 is an unknown value
RBX=0x0 is null
RCX=0xffffffffffffffff is an unknown value
RDX=0x007ff956a0300010 is an unknown value
RSP=0x00000084886ff380 is pointing into the stack for thread: 0x000001b64d0156d0
RBP=0x000001b64d9a00e0 points into unknown readable memory: 0x0000000626401ed8 | d8 1e 40 26 06 00 00 00
RSI=0x00000084886ff4f0 is pointing into the stack for thread: 0x000001b64d0156d0
RDI=0x000001b64d9a00e0 points into unknown readable memory: 0x0000000626401ed8 | d8 1e 40 26 06 00 00 00
R8 =0x0000000000000042 is an unknown value
R9 =0x0000000626401ed8 is an oop: java.lang.Thread 
{0x0000000626401ed8} - klass: 'java/lang/Thread' - flags: 

 - ---- fields (total size 14 words):
 - 'threadLocalRandomProbe' 'I' @12  0 (0x00000000)
 - private volatile 'eetop' 'J' @16  1882808421472 (0x000001b660208c60)
 - private final 'tid' 'J' @24  3 (0x0000000000000003)
 - 'threadLocalRandomSeed' 'J' @32  0 (0x0000000000000000)
 - injected 'jvmti_thread_state' 'J' @40  1882499958368 (0x000001b64dbdc660)
 - 'threadLocalRandomSecondarySeed' 'I' @48  0 (0x00000000)
 - injected 'jvmti_VTMS_transition_disable_count' 'I' @52  0 (0x00000000)
 - injected 'jfr_epoch' 'S' @56  0 (0x0000)
 - volatile 'interrupted' 'Z' @58  false (0x00)
 - injected 'jvmti_is_in_VTMS_transition' 'Z' @59  false (0x00)
 - private volatile 'name' 'Ljava/lang/String;' @60  "main"{0x0000000626401f48} (0xc4c803e9)
 - private volatile 'contextClassLoader' 'Ljava/lang/ClassLoader;' @64  a 'jdk/internal/loader/ClassLoaders$AppClassLoader'{0x0000000626417f38} (0xc4c82fe7)
 - private final 'holder' 'Ljava/lang/Thread$FieldHolder;' @68  a 'java/lang/Thread$FieldHolder'{0x0000000626401f88} (0xc4c803f1)
 - 'threadLocals' 'Ljava/lang/ThreadLocal$ThreadLocalMap;' @72  a 'java/lang/ThreadLocal$ThreadLocalMap'{0x00000006267208b0} (0xc4ce4116)
 - 'inheritableThreadLocals' 'Ljava/lang/ThreadLocal$ThreadLocalMap;' @76  null (0x00000000)
 - private 'scopedValueBindings' 'Ljava/lang/Object;' @80  a 'java/lang/Class'{0x00000007ffc7c258} = 'java/lang/Thread' (0xfff8f84b)
 - final 'interruptLock' 'Ljava/lang/Object;' @84  a 'java/lang/Object'{0x0000000626401f78} (0xc4c803ef)
 - private volatile 'parkBlocker' 'Ljava/lang/Object;' @88  null (0x00000000)
 - private 'nioBlocker' 'Lsun/nio/ch/Interruptible;' @92  null (0x00000000)
 - private 'cont' 'Ljdk/internal/vm/Continuation;' @96  null (0x00000000)
 - private volatile 'uncaughtExceptionHandler' 'Ljava/lang/Thread$UncaughtExceptionHandler;' @100  null (0x00000000)
 - private 'container' 'Ljdk/internal/vm/ThreadContainer;' @104  null (0x00000000)
 - private volatile 'headStackableScopes' 'Ljdk/internal/vm/StackableScope;' @108  null (0x00000000)
R10=0x00007ff956c79fb0 jvm.dll
R11=0x0000000000000002 is an unknown value
R12=0x00000084886ff4f0 is pointing into the stack for thread: 0x000001b64d0156d0
R13=0x000001b64d0fd460 points into unknown readable memory: 0x00007ff956bea510 | 10 a5 be 56 f9 7f 00 00
R14=0x000001b64d015a98 points into unknown readable memory: 0x00007ff956be17b0 | b0 17 be 56 f9 7f 00 00
R15=0x000001b64d015a98 points into unknown readable memory: 0x00007ff956be17b0 | b0 17 be 56 f9 7f 00 00

Top of Stack: (sp=0x00000084886ff380)
0x00000084886ff380:   00000084886ff4f0 000001b64d9a00e0   ..o........M....
0x00000084886ff390:   0000000000000000 000001b64d015e20   ........ ^.M....
0x00000084886ff3a0:   000000000000001e 00007ff957252b9b   .........+%W....
0x00000084886ff3b0:   0000000000000000 000001b64d015a98   .........Z.M....
0x00000084886ff3c0:   00000084886ff401 0000000000000000   ..o.............
0x00000084886ff3d0:   000001b64d834050 00007ff9572517f4   P@.M......%W....
0x00000084886ff3e0:   0000000000000000 000000000000001e   ................
0x00000084886ff3f0:   0000000000000000 000000000000001e   ................
0x00000084886ff400:   0000000e00000002 000001b64d8baa80   ...........M....
0x00000084886ff410:   000001b64d834050 000001b64d8340c8   P@.M.....@.M....
0x00000084886ff420:   000001b64d8340f8 000000000000068c   .@.M............
0x00000084886ff430:   0000000000000000 0000000000000000   ................
0x00000084886ff440:   0000000000000000 00007ff9564457d4   .........WDV....
0x00000084886ff450:   00007ff957394ca0 00000000000040e0   .L9W.....@......
0x00000084886ff460:   00007ff957394ca0 00000000ffffffff   .L9W............
0x00000084886ff470:   0000000000000000 00007ff95725206a   ........j %W....
0x00000084886ff480:   000001b64d015a98 0000000000000000   .Z.M............
0x00000084886ff490:   00000084886ff4f9 000001b64d0fd460   ..o.....`..M....
0x00000084886ff4a0:   0000000000000004 0000000000000048   ........H.......
0x00000084886ff4b0:   0000000800800310 0000000000000020   ........ .......
0x00000084886ff4c0:   000001b64d015a98 00007ff957394ca0   .Z.M.....L9W....
0x00000084886ff4d0:   000001b67c313620 000001b64dbdc660    61|....`..M....
0x00000084886ff4e0:   0000000800800390 000001b64d015a98   .........Z.M....
0x00000084886ff4f0:   000001b64fff36f0 000001b64fff3ab0   .6.O.....:.O....
0x00000084886ff500:   000001b64fff3ab0 00007ff957394ca0   .:.O.....L9W....
0x00000084886ff510:   000001b64d75cf88 00000084886ff688   ..uM......o.....
0x00000084886ff520:   00000084886ff7c0 0000000000008840   ..o.....@.......
0x00000084886ff530:   00000084886ff9a0 00007ff957394cf0   ..o......L9W....
0x00000084886ff540:   0000000000989680 0000000000989680   ................
0x00000084886ff550:   00000084886ff660 00007ff95724cc21   `.o.....!.$W....
0x00000084886ff560:   00007ff957394ca0 00007ff957394cf8   .L9W.....L9W....
0x00000084886ff570:   00007ff900000000 00007ff900000001   ................

Instructions: (pc=0x00007ff9572526c4)
  0x00007ff9572525c4:   cc cc cc cc cc cc cc cc cc cc cc cc cc cc cc cc
  0x00007ff9572525d4:   cc cc cc cc cc cc cc cc cc cc cc cc cc cc cc cc
  0x00007ff9572525e4:   cc cc cc cc cc cc cc cc cc cc cc cc cc cc cc cc
  0x00007ff9572525f4:   cc cc cc cc cc cc cc cc cc cc cc cc cc cc cc cc
  0x00007ff957252604:   cc cc cc cc cc cc cc cc cc cc cc cc cc cc cc cc
  0x00007ff957252614:   cc cc cc cc cc cc cc cc cc cc cc cc cc cc cc cc
  0x00007ff957252624:   cc cc cc cc cc cc cc cc cc cc cc cc cc cc cc cc
  0x00007ff957252634:   cc cc cc cc cc cc cc cc cc cc cc cc cc cc cc cc
  0x00007ff957252644:   cc cc cc cc cc cc cc cc cc cc cc cc 40 57 48 83
  0x00007ff957252654:   ec 20 48 8b f9 48 8b 0d 10 28 14 00 48 85 c9 74
  0x00007ff957252664:   20 48 8b 01 48 8d 54 24 38 41 b8 06 00 01 00 4c
  0x00007ff957252674:   8b 48 30 41 ff d1 85 c0 75 07 48 8b 4c 24 38 eb
  0x00007ff957252684:   02 33 c9 4c 8b 05 ea 28 14 00 48 89 5c 24 30 4d
  0x00007ff957252694:   85 c0 74 4a 48 8b 01 48 8b d7 4c 8b 88 28 03 00
  0x00007ff9572526a4:   00 41 ff d1 48 85 c0 74 35 48 63 0d f8 e6 13 00
  0x00007ff9572526b4:   48 8b 14 01 48 85 d2 74 15 48 63 05 fc e6 13 00
=>0x00007ff9572526c4:   8b 04 10 48 8b 5c 24 30 48 83 c4 20 5f c3 b8 ff
  0x00007ff9572526d4:   ff ff ff 48 8b 5c 24 30 48 83 c4 20 5f c3 80 3d
  0x00007ff9572526e4:   9b 27 14 00 00 bb ff ff ff ff 74 20 4c 8b 0d 31
  0x00007ff9572526f4:   24 14 00 4c 8d 44 24 38 48 8b 0d 15 24 14 00 48
  0x00007ff957252704:   8b d7 41 ff d1 85 c0 0f 44 5c 24 38 8b c3 48 8b
  0x00007ff957252714:   5c 24 30 48 83 c4 20 5f c3 cc cc cc cc cc cc cc
  0x00007ff957252724:   cc cc cc cc cc cc cc cc cc cc cc cc cc cc cc cc
  0x00007ff957252734:   cc cc cc cc cc cc cc cc cc cc cc cc cc cc cc cc
  0x00007ff957252744:   cc cc cc cc cc cc cc cc cc cc cc cc 48 89 54 24
  0x00007ff957252754:   10 53 55 56 57 41 56 41 57 48 83 ec 28 48 8b f2
  0x00007ff957252764:   4c 8b f1 48 89 4c 24 78 45 33 ff 44 89 7c 24 68
  0x00007ff957252774:   c7 44 24 60 01 00 00 00 48 8d 4c 24 68 e8 ed 42
  0x00007ff957252784:   f7 ff 8b d8 48 8d 4c 24 60 e8 e1 42 f7 ff 8b e8
  0x00007ff957252794:   49 8b ce e8 00 fc f6 ff 48 8b f8 90 8b c3 f0 0f
  0x00007ff9572527a4:   b1 2f 74 04 f3 90 eb f4 4c 89 3e 4c 89 7e 08 4c
  0x00007ff9572527b4:   89 7e 10 49 8b 6e 08 4d 8b 76 10 49 3b ee 0f 84


Stack slot to memory mapping:

stack at sp + 0 slots: 0x00000084886ff4f0 is pointing into the stack for thread: 0x000001b64d0156d0
stack at sp + 1 slots: 0x000001b64d9a00e0 points into unknown readable memory: 0x0000000626401ed8 | d8 1e 40 26 06 00 00 00
stack at sp + 2 slots: 0x0 is null
stack at sp + 3 slots: 0x000001b64d015e20 points into unknown readable memory: 0x6e616c2e6176616a | 6a 61 76 61 2e 6c 61 6e
stack at sp + 4 slots: 0x000000000000001e is an unknown value
stack at sp + 5 slots: 0x00007ff957252b9b libasyncProfiler.dll
stack at sp + 6 slots: 0x0 is null
stack at sp + 7 slots: 0x000001b64d015a98 points into unknown readable memory: 0x00007ff956be17b0 | b0 17 be 56 f9 7f 00 00

Lock stack of current Java thread (top to bottom):


---------------  P R O C E S S  ---------------

Threads class SMR info:
_java_thread_list=0x000001b64ffa4e20, length=20, elements={
0x000001b660208c60, 0x000001b64d00cf90, 0x000001b64d00d7d0, 0x000001b64d014920,
0x000001b64d0156d0, 0x000001b64d016200, 0x000001b64d017d40, 0x000001b64d01d0f0,
0x000001b64d031860, 0x000001b64d1f6ec0, 0x000001b64d214170, 0x000001b64d2148b0,
0x000001b64da24bf0, 0x000001b64d5a63d0, 0x000001b64d5aef80, 0x000001b64d5af6c0,
0x000001b64d032f10, 0x000001b64d1191b0, 0x000001b64d032780, 0x000001b64d119900
}

Java Threads: ( => current thread )
  0x000001b660208c60 JavaThread "main"                              [_thread_in_native, id=9768, stack(0x0000008487b00000,0x0000008487c00000) (1024K)]
  0x000001b64d00cf90 JavaThread "Reference Handler"          daemon [_thread_blocked, id=20268, stack(0x0000008488300000,0x0000008488400000) (1024K)]
  0x000001b64d00d7d0 JavaThread "Finalizer"                  daemon [_thread_blocked, id=10444, stack(0x0000008488400000,0x0000008488500000) (1024K)]
  0x000001b64d014920 JavaThread "Signal Dispatcher"          daemon [_thread_blocked, id=11196, stack(0x0000008488500000,0x0000008488600000) (1024K)]
=>0x000001b64d0156d0 JavaThread "Attach Listener"            daemon [_thread_in_native, id=10120, stack(0x0000008488600000,0x0000008488700000) (1024K)]
  0x000001b64d016200 JavaThread "Service Thread"             daemon [_thread_blocked, id=7556, stack(0x0000008488700000,0x0000008488800000) (1024K)]
  0x000001b64d017d40 JavaThread "Monitor Deflation Thread"   daemon [_thread_blocked, id=11788, stack(0x0000008488800000,0x0000008488900000) (1024K)]
  0x000001b64d01d0f0 JavaThread "C2 CompilerThread0"         daemon [_thread_blocked, id=7048, stack(0x0000008488900000,0x0000008488a00000) (1024K)]
  0x000001b64d031860 JavaThread "C1 CompilerThread0"         daemon [_thread_blocked, id=17164, stack(0x0000008488a00000,0x0000008488b00000) (1024K)]
  0x000001b64d1f6ec0 JavaThread "Common-Cleaner"             daemon [_thread_blocked, id=5612, stack(0x0000008488b00000,0x0000008488c00000) (1024K)]
  0x000001b64d214170 JavaThread "Monitor Ctrl-Break"         daemon [_thread_in_native, id=3296, stack(0x0000008488c00000,0x0000008488d00000) (1024K)]
  0x000001b64d2148b0 JavaThread "Notification Thread"        daemon [_thread_blocked, id=6096, stack(0x0000008488d00000,0x0000008488e00000) (1024K)]
  0x000001b64da24bf0 JavaThread "RMI TCP Accept-0"           daemon [_thread_in_native, id=3060, stack(0x0000008489000000,0x0000008489100000) (1024K)]
  0x000001b64d5a63d0 JavaThread "RMI TCP Connection(1)-192.168.0.100" daemon [_thread_in_native, id=14912, stack(0x0000008489100000,0x0000008489200000) (1024K)]
  0x000001b64d5aef80 JavaThread "RMI Scheduler(0)"           daemon [_thread_blocked, id=17428, stack(0x0000008489200000,0x0000008489300000) (1024K)]
  0x000001b64d5af6c0 JavaThread "JMX server connection timeout 31" daemon [_thread_blocked, id=14152, stack(0x0000008489300000,0x0000008489400000) (1024K)]
  0x000001b64d032f10 JavaThread "C2 CompilerThread1"         daemon [_thread_blocked, id=6080, stack(0x0000008487800000,0x0000008487900000) (1024K)]
  0x000001b64d1191b0 JavaThread "JFR Recorder Thread"        daemon [_thread_in_native, id=5000, stack(0x0000008488e00000,0x0000008488f00000) (1024K)]
  0x000001b64d032780 JavaThread "C2 CompilerThread2"         daemon [_thread_blocked, id=6936, stack(0x0000008488f00000,0x0000008489000000) (1024K)]
  0x000001b64d119900 JavaThread "JFR Periodic Tasks"         daemon [_thread_blocked, id=1676, stack(0x0000008489400000,0x0000008489500000) (1024K)]
Total: 20

Other Threads:
  0x000001b67c4539c0 VMThread "VM Thread"                           [id=6492, stack(0x0000008488200000,0x0000008488300000) (1024K)]
  0x000001b67c445600 WatcherThread "VM Periodic Task Thread"        [id=17512, stack(0x0000008488100000,0x0000008488200000) (1024K)]
  0x000001b6602b1d30 WorkerThread "GC Thread#0"                     [id=7796, stack(0x0000008487c00000,0x0000008487d00000) (1024K)]
  0x000001b6602c7730 ConcurrentGCThread "G1 Main Marker"            [id=12476, stack(0x0000008487d00000,0x0000008487e00000) (1024K)]
  0x000001b6602c88f0 WorkerThread "G1 Conc#0"                       [id=8104, stack(0x0000008487e00000,0x0000008487f00000) (1024K)]
  0x000001b67c2ffc70 ConcurrentGCThread "G1 Refine#0"               [id=19516, stack(0x0000008487f00000,0x0000008488000000) (1024K)]
  0x000001b67c3014b0 ConcurrentGCThread "G1 Service"                [id=19732, stack(0x0000008488000000,0x0000008488100000) (1024K)]
Total: 7

Threads with active compile tasks:
Total: 0

VM state: not at safepoint (normal execution)

VM Mutex/Monitor currently owned by a thread: None

Heap address: 0x0000000606c00000, size: 8084 MB, Compressed Oops mode: Zero based, Oop shift amount: 3

CDS archive(s) mapped at: [0x000001b608000000-0x000001b608d40000-0x000001b608d40000), size 13893632, SharedBaseAddress: 0x000001b608000000, ArchiveRelocationMode: 1.
Compressed class space mapped at: 0x000001b609000000-0x000001b649000000, reserved size: 1073741824
UseCompressedClassPointers 1, UseCompactObjectHeaders 0
Narrow klass pointer bits 32, Max shift 3
Narrow klass base: 0x000001b608000000, Narrow klass shift: 0
Encoding Range: [0x000001b608000000 - 0x000001b708000000), (4294967296 bytes)
Klass Range:    [0x000001b608000000 - 0x000001b649000000), (1090519040 bytes)
Klass ID Range:  [8 - 1090519033) (1090519025)

GC Precious Log:
 CardTable entry size: 512
 Card Set container configuration: InlinePtr #cards 4 size 8 Array Of Cards #cards 32 size 80 Howl #buckets 8 coarsen threshold 7372 Howl Bitmap #cards 1024 size 144 coarsen threshold 921 Card regions per heap region 1 cards per card region 8192
 CPUs: 12 total, 12 available
 Memory: 32333M
 Large Page Support: Disabled
 NUMA Support: Disabled
 Compressed Oops: Enabled (Zero based)
 Heap Region Size: 4M
 Heap Min Capacity: 8M
 Heap Initial Capacity: 508M
 Heap Max Capacity: 8084M
 Pre-touch: Disabled
 Parallel Workers: 10
 Concurrent Workers: 3
 Concurrent Refinement Workers: 10
 Periodic GC: Disabled

Heap:
 garbage-first heap   total reserved 8278016K, committed 524288K, used 29808K [0x0000000606c00000, 0x0000000800000000)
  region size 4096K, 8 young (32768K), 0 survivors (0K)
 Metaspace       used 8033K, committed 8256K, reserved 1114112K
  class space    used 728K, committed 832K, reserved 1048576K

Heap Regions: E=young(eden), S=young(survivor), O=old, HS=humongous(starts), HC=humongous(continues), CS=collection set, F=free, TAMS=top-at-mark-start, PB=parsable bottom
|   0|0x0000000606c00000, 0x0000000606c00000, 0x0000000607000000|  0%| F|  |TAMS 0x0000000606c00000| PB 0x0000000606c00000| Untracked |  0
|   1|0x0000000607000000, 0x0000000607000000, 0x0000000607400000|  0%| F|  |TAMS 0x0000000607000000| PB 0x0000000607000000| Untracked |  0
|   2|0x0000000607400000, 0x0000000607400000, 0x0000000607800000|  0%| F|  |TAMS 0x0000000607400000| PB 0x0000000607400000| Untracked |  0
|   3|0x0000000607800000, 0x0000000607800000, 0x0000000607c00000|  0%| F|  |TAMS 0x0000000607800000| PB 0x0000000607800000| Untracked |  0
|   4|0x0000000607c00000, 0x0000000607c00000, 0x0000000608000000|  0%| F|  |TAMS 0x0000000607c00000| PB 0x0000000607c00000| Untracked |  0
|   5|0x0000000608000000, 0x0000000608000000, 0x0000000608400000|  0%| F|  |TAMS 0x0000000608000000| PB 0x0000000608000000| Untracked |  0
|   6|0x0000000608400000, 0x0000000608400000, 0x0000000608800000|  0%| F|  |TAMS 0x0000000608400000| PB 0x0000000608400000| Untracked |  0
|   7|0x0000000608800000, 0x0000000608800000, 0x0000000608c00000|  0%| F|  |TAMS 0x0000000608800000| PB 0x0000000608800000| Untracked |  0
|   8|0x0000000608c00000, 0x0000000608c00000, 0x0000000609000000|  0%| F|  |TAMS 0x0000000608c00000| PB 0x0000000608c00000| Untracked |  0
|   9|0x0000000609000000, 0x0000000609000000, 0x0000000609400000|  0%| F|  |TAMS 0x0000000609000000| PB 0x0000000609000000| Untracked |  0
|  10|0x0000000609400000, 0x0000000609400000, 0x0000000609800000|  0%| F|  |TAMS 0x0000000609400000| PB 0x0000000609400000| Untracked |  0
|  11|0x0000000609800000, 0x0000000609800000, 0x0000000609c00000|  0%| F|  |TAMS 0x0000000609800000| PB 0x0000000609800000| Untracked |  0
|  12|0x0000000609c00000, 0x0000000609c00000, 0x000000060a000000|  0%| F|  |TAMS 0x0000000609c00000| PB 0x0000000609c00000| Untracked |  0
|  13|0x000000060a000000, 0x000000060a000000, 0x000000060a400000|  0%| F|  |TAMS 0x000000060a000000| PB 0x000000060a000000| Untracked |  0
|  14|0x000000060a400000, 0x000000060a400000, 0x000000060a800000|  0%| F|  |TAMS 0x000000060a400000| PB 0x000000060a400000| Untracked |  0
|  15|0x000000060a800000, 0x000000060a800000, 0x000000060ac00000|  0%| F|  |TAMS 0x000000060a800000| PB 0x000000060a800000| Untracked |  0
|  16|0x000000060ac00000, 0x000000060ac00000, 0x000000060b000000|  0%| F|  |TAMS 0x000000060ac00000| PB 0x000000060ac00000| Untracked |  0
|  17|0x000000060b000000, 0x000000060b000000, 0x000000060b400000|  0%| F|  |TAMS 0x000000060b000000| PB 0x000000060b000000| Untracked |  0
|  18|0x000000060b400000, 0x000000060b400000, 0x000000060b800000|  0%| F|  |TAMS 0x000000060b400000| PB 0x000000060b400000| Untracked |  0
|  19|0x000000060b800000, 0x000000060b800000, 0x000000060bc00000|  0%| F|  |TAMS 0x000000060b800000| PB 0x000000060b800000| Untracked |  0
|  20|0x000000060bc00000, 0x000000060bc00000, 0x000000060c000000|  0%| F|  |TAMS 0x000000060bc00000| PB 0x000000060bc00000| Untracked |  0
|  21|0x000000060c000000, 0x000000060c000000, 0x000000060c400000|  0%| F|  |TAMS 0x000000060c000000| PB 0x000000060c000000| Untracked |  0
|  22|0x000000060c400000, 0x000000060c400000, 0x000000060c800000|  0%| F|  |TAMS 0x000000060c400000| PB 0x000000060c400000| Untracked |  0
|  23|0x000000060c800000, 0x000000060c800000, 0x000000060cc00000|  0%| F|  |TAMS 0x000000060c800000| PB 0x000000060c800000| Untracked |  0
|  24|0x000000060cc00000, 0x000000060cc00000, 0x000000060d000000|  0%| F|  |TAMS 0x000000060cc00000| PB 0x000000060cc00000| Untracked |  0
|  25|0x000000060d000000, 0x000000060d000000, 0x000000060d400000|  0%| F|  |TAMS 0x000000060d000000| PB 0x000000060d000000| Untracked |  0
|  26|0x000000060d400000, 0x000000060d400000, 0x000000060d800000|  0%| F|  |TAMS 0x000000060d400000| PB 0x000000060d400000| Untracked |  0
|  27|0x000000060d800000, 0x000000060d800000, 0x000000060dc00000|  0%| F|  |TAMS 0x000000060d800000| PB 0x000000060d800000| Untracked |  0
|  28|0x000000060dc00000, 0x000000060dc00000, 0x000000060e000000|  0%| F|  |TAMS 0x000000060dc00000| PB 0x000000060dc00000| Untracked |  0
|  29|0x000000060e000000, 0x000000060e000000, 0x000000060e400000|  0%| F|  |TAMS 0x000000060e000000| PB 0x000000060e000000| Untracked |  0
|  30|0x000000060e400000, 0x000000060e400000, 0x000000060e800000|  0%| F|  |TAMS 0x000000060e400000| PB 0x000000060e400000| Untracked |  0
|  31|0x000000060e800000, 0x000000060e800000, 0x000000060ec00000|  0%| F|  |TAMS 0x000000060e800000| PB 0x000000060e800000| Untracked |  0
|  32|0x000000060ec00000, 0x000000060ec00000, 0x000000060f000000|  0%| F|  |TAMS 0x000000060ec00000| PB 0x000000060ec00000| Untracked |  0
|  33|0x000000060f000000, 0x000000060f000000, 0x000000060f400000|  0%| F|  |TAMS 0x000000060f000000| PB 0x000000060f000000| Untracked |  0
|  34|0x000000060f400000, 0x000000060f400000, 0x000000060f800000|  0%| F|  |TAMS 0x000000060f400000| PB 0x000000060f400000| Untracked |  0
|  35|0x000000060f800000, 0x000000060f800000, 0x000000060fc00000|  0%| F|  |TAMS 0x000000060f800000| PB 0x000000060f800000| Untracked |  0
|  36|0x000000060fc00000, 0x000000060fc00000, 0x0000000610000000|  0%| F|  |TAMS 0x000000060fc00000| PB 0x000000060fc00000| Untracked |  0
|  37|0x0000000610000000, 0x0000000610000000, 0x0000000610400000|  0%| F|  |TAMS 0x0000000610000000| PB 0x0000000610000000| Untracked |  0
|  38|0x0000000610400000, 0x0000000610400000, 0x0000000610800000|  0%| F|  |TAMS 0x0000000610400000| PB 0x0000000610400000| Untracked |  0
|  39|0x0000000610800000, 0x0000000610800000, 0x0000000610c00000|  0%| F|  |TAMS 0x0000000610800000| PB 0x0000000610800000| Untracked |  0
|  40|0x0000000610c00000, 0x0000000610c00000, 0x0000000611000000|  0%| F|  |TAMS 0x0000000610c00000| PB 0x0000000610c00000| Untracked |  0
|  41|0x0000000611000000, 0x0000000611000000, 0x0000000611400000|  0%| F|  |TAMS 0x0000000611000000| PB 0x0000000611000000| Untracked |  0
|  42|0x0000000611400000, 0x0000000611400000, 0x0000000611800000|  0%| F|  |TAMS 0x0000000611400000| PB 0x0000000611400000| Untracked |  0
|  43|0x0000000611800000, 0x0000000611800000, 0x0000000611c00000|  0%| F|  |TAMS 0x0000000611800000| PB 0x0000000611800000| Untracked |  0
|  44|0x0000000611c00000, 0x0000000611c00000, 0x0000000612000000|  0%| F|  |TAMS 0x0000000611c00000| PB 0x0000000611c00000| Untracked |  0
|  45|0x0000000612000000, 0x0000000612000000, 0x0000000612400000|  0%| F|  |TAMS 0x0000000612000000| PB 0x0000000612000000| Untracked |  0
|  46|0x0000000612400000, 0x0000000612400000, 0x0000000612800000|  0%| F|  |TAMS 0x0000000612400000| PB 0x0000000612400000| Untracked |  0
|  47|0x0000000612800000, 0x0000000612800000, 0x0000000612c00000|  0%| F|  |TAMS 0x0000000612800000| PB 0x0000000612800000| Untracked |  0
|  48|0x0000000612c00000, 0x0000000612c00000, 0x0000000613000000|  0%| F|  |TAMS 0x0000000612c00000| PB 0x0000000612c00000| Untracked |  0
|  49|0x0000000613000000, 0x0000000613000000, 0x0000000613400000|  0%| F|  |TAMS 0x0000000613000000| PB 0x0000000613000000| Untracked |  0
|  50|0x0000000613400000, 0x0000000613400000, 0x0000000613800000|  0%| F|  |TAMS 0x0000000613400000| PB 0x0000000613400000| Untracked |  0
|  51|0x0000000613800000, 0x0000000613800000, 0x0000000613c00000|  0%| F|  |TAMS 0x0000000613800000| PB 0x0000000613800000| Untracked |  0
|  52|0x0000000613c00000, 0x0000000613c00000, 0x0000000614000000|  0%| F|  |TAMS 0x0000000613c00000| PB 0x0000000613c00000| Untracked |  0
|  53|0x0000000614000000, 0x0000000614000000, 0x0000000614400000|  0%| F|  |TAMS 0x0000000614000000| PB 0x0000000614000000| Untracked |  0
|  54|0x0000000614400000, 0x0000000614400000, 0x0000000614800000|  0%| F|  |TAMS 0x0000000614400000| PB 0x0000000614400000| Untracked |  0
|  55|0x0000000614800000, 0x0000000614800000, 0x0000000614c00000|  0%| F|  |TAMS 0x0000000614800000| PB 0x0000000614800000| Untracked |  0
|  56|0x0000000614c00000, 0x0000000614c00000, 0x0000000615000000|  0%| F|  |TAMS 0x0000000614c00000| PB 0x0000000614c00000| Untracked |  0
|  57|0x0000000615000000, 0x0000000615000000, 0x0000000615400000|  0%| F|  |TAMS 0x0000000615000000| PB 0x0000000615000000| Untracked |  0
|  58|0x0000000615400000, 0x0000000615400000, 0x0000000615800000|  0%| F|  |TAMS 0x0000000615400000| PB 0x0000000615400000| Untracked |  0
|  59|0x0000000615800000, 0x0000000615800000, 0x0000000615c00000|  0%| F|  |TAMS 0x0000000615800000| PB 0x0000000615800000| Untracked |  0
|  60|0x0000000615c00000, 0x0000000615c00000, 0x0000000616000000|  0%| F|  |TAMS 0x0000000615c00000| PB 0x0000000615c00000| Untracked |  0
|  61|0x0000000616000000, 0x0000000616000000, 0x0000000616400000|  0%| F|  |TAMS 0x0000000616000000| PB 0x0000000616000000| Untracked |  0
|  62|0x0000000616400000, 0x0000000616400000, 0x0000000616800000|  0%| F|  |TAMS 0x0000000616400000| PB 0x0000000616400000| Untracked |  0
|  63|0x0000000616800000, 0x0000000616800000, 0x0000000616c00000|  0%| F|  |TAMS 0x0000000616800000| PB 0x0000000616800000| Untracked |  0
|  64|0x0000000616c00000, 0x0000000616c00000, 0x0000000617000000|  0%| F|  |TAMS 0x0000000616c00000| PB 0x0000000616c00000| Untracked |  0
|  65|0x0000000617000000, 0x0000000617000000, 0x0000000617400000|  0%| F|  |TAMS 0x0000000617000000| PB 0x0000000617000000| Untracked |  0
|  66|0x0000000617400000, 0x0000000617400000, 0x0000000617800000|  0%| F|  |TAMS 0x0000000617400000| PB 0x0000000617400000| Untracked |  0
|  67|0x0000000617800000, 0x0000000617800000, 0x0000000617c00000|  0%| F|  |TAMS 0x0000000617800000| PB 0x0000000617800000| Untracked |  0
|  68|0x0000000617c00000, 0x0000000617c00000, 0x0000000618000000|  0%| F|  |TAMS 0x0000000617c00000| PB 0x0000000617c00000| Untracked |  0
|  69|0x0000000618000000, 0x0000000618000000, 0x0000000618400000|  0%| F|  |TAMS 0x0000000618000000| PB 0x0000000618000000| Untracked |  0
|  70|0x0000000618400000, 0x0000000618400000, 0x0000000618800000|  0%| F|  |TAMS 0x0000000618400000| PB 0x0000000618400000| Untracked |  0
|  71|0x0000000618800000, 0x0000000618800000, 0x0000000618c00000|  0%| F|  |TAMS 0x0000000618800000| PB 0x0000000618800000| Untracked |  0
|  72|0x0000000618c00000, 0x0000000618c00000, 0x0000000619000000|  0%| F|  |TAMS 0x0000000618c00000| PB 0x0000000618c00000| Untracked |  0
|  73|0x0000000619000000, 0x0000000619000000, 0x0000000619400000|  0%| F|  |TAMS 0x0000000619000000| PB 0x0000000619000000| Untracked |  0
|  74|0x0000000619400000, 0x0000000619400000, 0x0000000619800000|  0%| F|  |TAMS 0x0000000619400000| PB 0x0000000619400000| Untracked |  0
|  75|0x0000000619800000, 0x0000000619800000, 0x0000000619c00000|  0%| F|  |TAMS 0x0000000619800000| PB 0x0000000619800000| Untracked |  0
|  76|0x0000000619c00000, 0x0000000619c00000, 0x000000061a000000|  0%| F|  |TAMS 0x0000000619c00000| PB 0x0000000619c00000| Untracked |  0
|  77|0x000000061a000000, 0x000000061a000000, 0x000000061a400000|  0%| F|  |TAMS 0x000000061a000000| PB 0x000000061a000000| Untracked |  0
|  78|0x000000061a400000, 0x000000061a400000, 0x000000061a800000|  0%| F|  |TAMS 0x000000061a400000| PB 0x000000061a400000| Untracked |  0
|  79|0x000000061a800000, 0x000000061a800000, 0x000000061ac00000|  0%| F|  |TAMS 0x000000061a800000| PB 0x000000061a800000| Untracked |  0
|  80|0x000000061ac00000, 0x000000061ac00000, 0x000000061b000000|  0%| F|  |TAMS 0x000000061ac00000| PB 0x000000061ac00000| Untracked |  0
|  81|0x000000061b000000, 0x000000061b000000, 0x000000061b400000|  0%| F|  |TAMS 0x000000061b000000| PB 0x000000061b000000| Untracked |  0
|  82|0x000000061b400000, 0x000000061b400000, 0x000000061b800000|  0%| F|  |TAMS 0x000000061b400000| PB 0x000000061b400000| Untracked |  0
|  83|0x000000061b800000, 0x000000061b800000, 0x000000061bc00000|  0%| F|  |TAMS 0x000000061b800000| PB 0x000000061b800000| Untracked |  0
|  84|0x000000061bc00000, 0x000000061bc00000, 0x000000061c000000|  0%| F|  |TAMS 0x000000061bc00000| PB 0x000000061bc00000| Untracked |  0
|  85|0x000000061c000000, 0x000000061c000000, 0x000000061c400000|  0%| F|  |TAMS 0x000000061c000000| PB 0x000000061c000000| Untracked |  0
|  86|0x000000061c400000, 0x000000061c400000, 0x000000061c800000|  0%| F|  |TAMS 0x000000061c400000| PB 0x000000061c400000| Untracked |  0
|  87|0x000000061c800000, 0x000000061c800000, 0x000000061cc00000|  0%| F|  |TAMS 0x000000061c800000| PB 0x000000061c800000| Untracked |  0
|  88|0x000000061cc00000, 0x000000061cc00000, 0x000000061d000000|  0%| F|  |TAMS 0x000000061cc00000| PB 0x000000061cc00000| Untracked |  0
|  89|0x000000061d000000, 0x000000061d000000, 0x000000061d400000|  0%| F|  |TAMS 0x000000061d000000| PB 0x000000061d000000| Untracked |  0
|  90|0x000000061d400000, 0x000000061d400000, 0x000000061d800000|  0%| F|  |TAMS 0x000000061d400000| PB 0x000000061d400000| Untracked |  0
|  91|0x000000061d800000, 0x000000061d800000, 0x000000061dc00000|  0%| F|  |TAMS 0x000000061d800000| PB 0x000000061d800000| Untracked |  0
|  92|0x000000061dc00000, 0x000000061dc00000, 0x000000061e000000|  0%| F|  |TAMS 0x000000061dc00000| PB 0x000000061dc00000| Untracked |  0
|  93|0x000000061e000000, 0x000000061e000000, 0x000000061e400000|  0%| F|  |TAMS 0x000000061e000000| PB 0x000000061e000000| Untracked |  0
|  94|0x000000061e400000, 0x000000061e400000, 0x000000061e800000|  0%| F|  |TAMS 0x000000061e400000| PB 0x000000061e400000| Untracked |  0
|  95|0x000000061e800000, 0x000000061e800000, 0x000000061ec00000|  0%| F|  |TAMS 0x000000061e800000| PB 0x000000061e800000| Untracked |  0
|  96|0x000000061ec00000, 0x000000061ec00000, 0x000000061f000000|  0%| F|  |TAMS 0x000000061ec00000| PB 0x000000061ec00000| Untracked |  0
|  97|0x000000061f000000, 0x000000061f000000, 0x000000061f400000|  0%| F|  |TAMS 0x000000061f000000| PB 0x000000061f000000| Untracked |  0
|  98|0x000000061f400000, 0x000000061f400000, 0x000000061f800000|  0%| F|  |TAMS 0x000000061f400000| PB 0x000000061f400000| Untracked |  0
|  99|0x000000061f800000, 0x000000061f800000, 0x000000061fc00000|  0%| F|  |TAMS 0x000000061f800000| PB 0x000000061f800000| Untracked |  0
| 100|0x000000061fc00000, 0x000000061fc00000, 0x0000000620000000|  0%| F|  |TAMS 0x000000061fc00000| PB 0x000000061fc00000| Untracked |  0
| 101|0x0000000620000000, 0x0000000620000000, 0x0000000620400000|  0%| F|  |TAMS 0x0000000620000000| PB 0x0000000620000000| Untracked |  0
| 102|0x0000000620400000, 0x0000000620400000, 0x0000000620800000|  0%| F|  |TAMS 0x0000000620400000| PB 0x0000000620400000| Untracked |  0
| 103|0x0000000620800000, 0x0000000620800000, 0x0000000620c00000|  0%| F|  |TAMS 0x0000000620800000| PB 0x0000000620800000| Untracked |  0
| 104|0x0000000620c00000, 0x0000000620c00000, 0x0000000621000000|  0%| F|  |TAMS 0x0000000620c00000| PB 0x0000000620c00000| Untracked |  0
| 105|0x0000000621000000, 0x0000000621000000, 0x0000000621400000|  0%| F|  |TAMS 0x0000000621000000| PB 0x0000000621000000| Untracked |  0
| 106|0x0000000621400000, 0x0000000621400000, 0x0000000621800000|  0%| F|  |TAMS 0x0000000621400000| PB 0x0000000621400000| Untracked |  0
| 107|0x0000000621800000, 0x0000000621800000, 0x0000000621c00000|  0%| F|  |TAMS 0x0000000621800000| PB 0x0000000621800000| Untracked |  0
| 108|0x0000000621c00000, 0x0000000621c00000, 0x0000000622000000|  0%| F|  |TAMS 0x0000000621c00000| PB 0x0000000621c00000| Untracked |  0
| 109|0x0000000622000000, 0x0000000622000000, 0x0000000622400000|  0%| F|  |TAMS 0x0000000622000000| PB 0x0000000622000000| Untracked |  0
| 110|0x0000000622400000, 0x0000000622400000, 0x0000000622800000|  0%| F|  |TAMS 0x0000000622400000| PB 0x0000000622400000| Untracked |  0
| 111|0x0000000622800000, 0x0000000622800000, 0x0000000622c00000|  0%| F|  |TAMS 0x0000000622800000| PB 0x0000000622800000| Untracked |  0
| 112|0x0000000622c00000, 0x0000000622c00000, 0x0000000623000000|  0%| F|  |TAMS 0x0000000622c00000| PB 0x0000000622c00000| Untracked |  0
| 113|0x0000000623000000, 0x0000000623000000, 0x0000000623400000|  0%| F|  |TAMS 0x0000000623000000| PB 0x0000000623000000| Untracked |  0
| 114|0x0000000623400000, 0x0000000623400000, 0x0000000623800000|  0%| F|  |TAMS 0x0000000623400000| PB 0x0000000623400000| Untracked |  0
| 115|0x0000000623800000, 0x0000000623800000, 0x0000000623c00000|  0%| F|  |TAMS 0x0000000623800000| PB 0x0000000623800000| Untracked |  0
| 116|0x0000000623c00000, 0x0000000623c00000, 0x0000000624000000|  0%| F|  |TAMS 0x0000000623c00000| PB 0x0000000623c00000| Untracked |  0
| 117|0x0000000624000000, 0x0000000624000000, 0x0000000624400000|  0%| F|  |TAMS 0x0000000624000000| PB 0x0000000624000000| Untracked |  0
| 118|0x0000000624400000, 0x0000000624400000, 0x0000000624800000|  0%| F|  |TAMS 0x0000000624400000| PB 0x0000000624400000| Untracked |  0
| 119|0x0000000624800000, 0x0000000624bdb120, 0x0000000624c00000| 96%| E|  |TAMS 0x0000000624800000| PB 0x0000000624800000| Complete |  0
| 120|0x0000000624c00000, 0x0000000625000000, 0x0000000625000000|100%| E|CS|TAMS 0x0000000624c00000| PB 0x0000000624c00000| Complete |  0
| 121|0x0000000625000000, 0x0000000625400000, 0x0000000625400000|100%| E|CS|TAMS 0x0000000625000000| PB 0x0000000625000000| Complete |  0
| 122|0x0000000625400000, 0x0000000625800000, 0x0000000625800000|100%| E|CS|TAMS 0x0000000625400000| PB 0x0000000625400000| Complete |  0
| 123|0x0000000625800000, 0x0000000625c00000, 0x0000000625c00000|100%| E|CS|TAMS 0x0000000625800000| PB 0x0000000625800000| Complete |  0
| 124|0x0000000625c00000, 0x0000000626000000, 0x0000000626000000|100%| E|CS|TAMS 0x0000000625c00000| PB 0x0000000625c00000| Complete |  0
| 125|0x0000000626000000, 0x0000000626400000, 0x0000000626400000|100%| E|CS|TAMS 0x0000000626000000| PB 0x0000000626000000| Complete |  0
| 126|0x0000000626400000, 0x0000000626800000, 0x0000000626800000|100%| E|CS|TAMS 0x0000000626400000| PB 0x0000000626400000| Complete |  0
|2020|0x00000007ffc00000, 0x00000007ffd1c288, 0x0000000800000000| 27%| O|  |TAMS 0x00000007ffc00000| PB 0x00000007ffc00000| Untracked |  0

Card table byte_map: [0x000001b6790f0000,0x000001b67a0c0000] _byte_map_base: 0x000001b6760ba000

Marking Bits: (CMBitMap*) 0x000001b6602b2350
 Bits: [0x000001b600000000, 0x000001b607e50000)

Polling page: 0x000001b65e070000

Metaspace:

Usage:
  Non-class:      7.13 MB used.
      Class:    728.78 KB used.
       Both:      7.85 MB used.

Virtual space:
  Non-class space:       64.00 MB reserved,       7.25 MB ( 11%) committed,  1 nodes.
      Class space:        1.00 GB reserved,     832.00 KB ( <1%) committed,  1 nodes.
             Both:        1.06 GB reserved,       8.06 MB ( <1%) committed. 

Chunk freelists:
   Non-Class:  8.47 MB
       Class:  15.19 MB
        Both:  23.66 MB

MaxMetaspaceSize: unlimited
CompressedClassSpaceSize: 1.00 GB
Initial GC threshold: 21.00 MB
Current GC threshold: 21.00 MB
CDS: on
 - commit_granule_bytes: 65536.
 - commit_granule_words: 8192.
 - virtual_space_node_default_size: 8388608.
 - enlarge_chunks_in_place: 1.
UseCompressedClassPointers 1, UseCompactObjectHeaders 0
Narrow klass pointer bits 32, Max shift 3
Narrow klass base: 0x000001b608000000, Narrow klass shift: 0
Encoding Range: [0x000001b608000000 - 0x000001b708000000), (4294967296 bytes)
Klass Range:    [0x000001b608000000 - 0x000001b649000000), (1090519040 bytes)
Klass ID Range:  [8 - 1090519033) (1090519025)


Internal statistics:

num_allocs_failed_limit: 0.
num_arena_births: 202.
num_arena_deaths: 0.
num_vsnodes_births: 2.
num_vsnodes_deaths: 0.
num_space_committed: 129.
num_space_uncommitted: 0.
num_chunks_returned_to_freelist: 0.
num_chunks_taken_from_freelist: 269.
num_chunk_merges: 0.
num_chunk_splits: 162.
num_chunks_enlarged: 63.
num_inconsistent_stats: 0.

CodeHeap 'non-profiled nmethods': size=120064Kb used=685Kb max_used=685Kb free=119378Kb
 bounds [0x000001b670570000, 0x000001b6707e0000, 0x000001b677ab0000]
CodeHeap 'profiled nmethods': size=120000Kb used=3169Kb max_used=3169Kb free=116830Kb
 bounds [0x000001b668ab0000, 0x000001b668dd0000, 0x000001b66ffe0000]
CodeHeap 'non-nmethods': size=5696Kb used=1458Kb max_used=1512Kb free=4238Kb
 bounds [0x000001b66ffe0000, 0x000001b670250000, 0x000001b670570000]
CodeCache: size=245760Kb, used=5312Kb, max_used=5366Kb, free=240446Kb
 total_blobs=2688, nmethods=2183, adapters=410, full_count=0
Compilation: enabled, stopped_count=0, restarted_count=0

Compilation events (20 events):
Event: 103.541 Thread 0x000001b64d031860 nmethod 2179 0x000001b670616608 code [0x000001b670616700, 0x000001b6706167c8]
Event: 103.541 Thread 0x000001b64d031860 2176       1       jdk.jfr.internal.EventControl::getEventType (5 bytes)
Event: 103.541 Thread 0x000001b64d031860 nmethod 2176 0x000001b670616908 code [0x000001b670616a00, 0x000001b670616ac8]
Event: 103.541 Thread 0x000001b64d031860 2177       1       jdk.jfr.internal.EventControl::getSettingsId (5 bytes)
Event: 103.541 Thread 0x000001b64d031860 nmethod 2177 0x000001b670616c08 code [0x000001b670616d00, 0x000001b670616dc8]
Event: 103.541 Thread 0x000001b64d031860 2178       1       jdk.jfr.internal.EventControl::getNamedControls (5 bytes)
Event: 103.541 Thread 0x000001b64d031860 nmethod 2178 0x000001b670616f08 code [0x000001b670617000, 0x000001b6706170c8]
Event: 103.542 Thread 0x000001b64d01d0f0 nmethod 2158 0x000001b670617208 code [0x000001b670617340, 0x000001b6706178d0]
Event: 103.542 Thread 0x000001b64d01d0f0 2152       4       jdk.jfr.internal.MetadataWriter::writeInt (148 bytes)
Event: 103.543 Thread 0x000001b64d032780 nmethod 2153 0x000001b670617908 code [0x000001b670617be0, 0x000001b670619b78]
Event: 103.544 Thread 0x000001b64d031860 2180       1       jdk.jfr.internal.periodic.EventTask::getEventType (5 bytes)
Event: 103.544 Thread 0x000001b64d032f10 nmethod 2162 0x000001b670619c88 code [0x000001b670619dc0, 0x000001b67061a2d0]
Event: 103.544 Thread 0x000001b64d031860 nmethod 2180 0x000001b67061a388 code [0x000001b67061a480, 0x000001b67061a548]
Event: 103.544 Thread 0x000001b64d031860 2182       3       java.util.Comparator$$Lambda/0x000001b6090a2558::compare (10 bytes)
Event: 103.544 Thread 0x000001b64d031860 nmethod 2182 0x000001b668dc7908 code [0x000001b668dc7a60, 0x000001b668dc7ed8]
Event: 103.544 Thread 0x000001b64d031860 2183       3       java.util.Comparator::lambda$comparingLong$6043328a$1 (18 bytes)
Event: 103.544 Thread 0x000001b64d031860 nmethod 2183 0x000001b668dc7f08 code [0x000001b668dc8060, 0x000001b668dc8440]
Event: 103.544 Thread 0x000001b64d031860 2181       1       jdk.jfr.internal.periodic.PeriodicTask::getPeriod (5 bytes)
Event: 103.544 Thread 0x000001b64d031860 nmethod 2181 0x000001b67061a688 code [0x000001b67061a780, 0x000001b67061a848]
Event: 103.545 Thread 0x000001b64d01d0f0 nmethod 2152 0x000001b67061a988 code [0x000001b67061ab60, 0x000001b67061b5a8]

GC Heap History (0 events):
No events

Dll operation events (12 events):
Event: 0.006 Loaded shared library C:\Users\DrozzzD35\.jdks\openjdk-24.0.1\bin\java.dll
Event: 0.024 Loaded shared library C:\Users\DrozzzD35\.jdks\openjdk-24.0.1\bin\jsvml.dll
Event: 0.050 Loaded shared library C:\Users\DrozzzD35\.jdks\openjdk-24.0.1\bin\zip.dll
Event: 0.052 Loaded shared library C:\Users\DrozzzD35\.jdks\openjdk-24.0.1\bin\instrument.dll
Event: 0.056 Loaded shared library C:\Users\DrozzzD35\.jdks\openjdk-24.0.1\bin\net.dll
Event: 0.057 Loaded shared library C:\Users\DrozzzD35\.jdks\openjdk-24.0.1\bin\nio.dll
Event: 0.059 Loaded shared library C:\Users\DrozzzD35\.jdks\openjdk-24.0.1\bin\zip.dll
Event: 0.074 Loaded shared library C:\Users\DrozzzD35\.jdks\openjdk-24.0.1\bin\extnet.dll
Event: 0.074 Loaded shared library C:\Users\DrozzzD35\.jdks\openjdk-24.0.1\bin\jimage.dll
Event: 0.113 Loaded shared library C:\Users\DrozzzD35\.jdks\openjdk-24.0.1\bin\management.dll
Event: 0.118 Loaded shared library C:\Users\DrozzzD35\.jdks\openjdk-24.0.1\bin\management_ext.dll
Event: 103.423 Loaded shared library C:\Users\DrozzzD35\AppData\Local\Temp\idea_libasyncProfiler_dll_temp_folder9\libasyncProfiler.dll

Deoptimization events (20 events):
Event: 103.442 Thread 0x000001b64d0156d0 Uncommon trap: trap_request=0xffffff4d fr.pc=0x000001b6705e5da8 relative=0x00000000000000a8
Event: 103.442 Thread 0x000001b64d0156d0 Uncommon trap: reason=unstable_if action=reinterpret pc=0x000001b6705e5da8 method=java.util.HashMap.hash(Ljava/lang/Object;)I @ 1 c2
Event: 103.442 Thread 0x000001b64d0156d0 DEOPT PACKING pc=0x000001b6705e5da8 sp=0x00000084886fcc20
Event: 103.442 Thread 0x000001b64d0156d0 DEOPT UNPACKING pc=0x000001b670106302 sp=0x00000084886fcbb8 mode 2
Event: 103.494 Thread 0x000001b64d0156d0 Uncommon trap: trap_request=0xffffff4d fr.pc=0x000001b6706020e0 relative=0x00000000000000c0
Event: 103.494 Thread 0x000001b64d0156d0 Uncommon trap: reason=unstable_if action=reinterpret pc=0x000001b6706020e0 method=jdk.jfr.internal.Type.getKnownType(Ljava/lang/Class;)Ljdk/jfr/internal/Type; @ 47 c2
Event: 103.494 Thread 0x000001b64d0156d0 DEOPT PACKING pc=0x000001b6706020e0 sp=0x00000084886fe5e0
Event: 103.494 Thread 0x000001b64d0156d0 DEOPT UNPACKING pc=0x000001b670106302 sp=0x00000084886fe578 mode 2
Event: 103.502 Thread 0x000001b64d0156d0 Uncommon trap: trap_request=0xffffffcc fr.pc=0x000001b67060697c relative=0x00000000000003bc
Event: 103.502 Thread 0x000001b64d0156d0 Uncommon trap: reason=intrinsic_or_type_checked_inlining action=make_not_entrant pc=0x000001b67060697c method=java.util.Arrays.copyOf([Ljava/lang/Object;ILjava/lang/Class;)[Ljava/lang/Object; @ 35 c2
Event: 103.502 Thread 0x000001b64d0156d0 DEOPT PACKING pc=0x000001b67060697c sp=0x00000084886fe760
Event: 103.502 Thread 0x000001b64d0156d0 DEOPT UNPACKING pc=0x000001b670106302 sp=0x00000084886fe6f0 mode 2
Event: 103.533 Thread 0x000001b64d0156d0 Uncommon trap: trap_request=0xffffff4d fr.pc=0x000001b6706124ac relative=0x000000000000020c
Event: 103.533 Thread 0x000001b64d0156d0 Uncommon trap: reason=unstable_if action=reinterpret pc=0x000001b6706124ac method=java.io.ByteArrayOutputStream.ensureCapacity(I)V @ 11 c2
Event: 103.533 Thread 0x000001b64d0156d0 DEOPT PACKING pc=0x000001b6706124ac sp=0x00000084886fea70
Event: 103.533 Thread 0x000001b64d0156d0 DEOPT UNPACKING pc=0x000001b670106302 sp=0x00000084886fe9a8 mode 2
Event: 103.535 Thread 0x000001b64d0156d0 Uncommon trap: trap_request=0xffffff4d fr.pc=0x000001b670612a70 relative=0x00000000000003d0
Event: 103.535 Thread 0x000001b64d0156d0 Uncommon trap: reason=unstable_if action=reinterpret pc=0x000001b670612a70 method=java.io.ByteArrayOutputStream.ensureCapacity(I)V @ 11 c2
Event: 103.535 Thread 0x000001b64d0156d0 DEOPT PACKING pc=0x000001b670612a70 sp=0x00000084886fe9d0
Event: 103.535 Thread 0x000001b64d0156d0 DEOPT UNPACKING pc=0x000001b670106302 sp=0x00000084886fe8b0 mode 2

Classes loaded (20 events):
Event: 103.525 Loading class jdk/jfr/internal/MetadataWriter
Event: 103.526 Loading class jdk/jfr/internal/MetadataWriter done
Event: 103.526 Loading class jdk/jfr/internal/MetadataDescriptor$Element
Event: 103.526 Loading class jdk/jfr/internal/MetadataDescriptor$Element done
Event: 103.526 Loading class jdk/jfr/internal/MetadataDescriptor$Attribute
Event: 103.526 Loading class jdk/jfr/internal/MetadataDescriptor$Attribute done
Event: 103.531 Loading class jdk/jfr/internal/consumer/StringParser$Encoding
Event: 103.531 Loading class jdk/jfr/internal/consumer/StringParser$Encoding done
Event: 103.537 Loading class jdk/jfr/internal/consumer/RepositoryFiles
Event: 103.538 Loading class jdk/jfr/internal/consumer/RepositoryFiles done
Event: 103.539 Loading class jdk/jfr/internal/SettingsManager$InternalSetting
Event: 103.539 Loading class jdk/jfr/internal/SettingsManager$InternalSetting done
Event: 103.540 Loading class jdk/jfr/internal/util/Rate
Event: 103.540 Loading class jdk/jfr/internal/util/Rate done
Event: 103.540 Loading class jdk/jfr/internal/util/TimespanUnit
Event: 103.540 Loading class jdk/jfr/internal/util/TimespanUnit done
Event: 103.540 Loading class jdk/jfr/internal/util/ValueParser
Event: 103.540 Loading class jdk/jfr/internal/util/ValueParser done
Event: 103.541 Loading class jdk/jfr/internal/periodic/PeriodicType
Event: 103.541 Loading class jdk/jfr/internal/periodic/PeriodicType done

Classes unloaded (0 events):
No events

Classes redefined (0 events):
No events

Internal exceptions (20 events):
Event: 0.275 Thread 0x000001b64d5a63d0 Exception <a 'java/lang/NoSuchMethodError'{0x0000000625517db8}: 'java.lang.Object java.lang.invoke.DirectMethodHandle$Holder.invokeStatic(java.lang.Object, java.lang.Object, java.lang.Object, java.lang.Object, java.lang.Object, java.lang.Object, java.lang.Object, java.lang.Object, java.lang.Object)'> (0x0000000625517db8) 
thrown [s\open\src\hotspot\share\interpreter\linkResolver.cpp, line 805]
Event: 0.276 Thread 0x000001b64d5a63d0 Exception <a 'java/lang/NoSuchMethodError'{0x000000062552b268}: 'java.lang.Object java.lang.invoke.Invokers$Holder.invokeExact_MT(java.lang.Object, java.lang.Object, java.lang.Object, java.lang.Object, java.lang.Object, java.lang.Object)'> (0x000000062552b268) 
thrown [s\open\src\hotspot\share\interpreter\linkResolver.cpp, line 805]
Event: 0.277 Thread 0x000001b64d5a63d0 Exception <a 'java/lang/NoSuchMethodError'{0x0000000625536fa8}: 'java.lang.Object java.lang.invoke.DirectMethodHandle$Holder.invokeInterface(java.lang.Object, java.lang.Object, java.lang.Object, java.lang.Object, java.lang.Object)'> (0x0000000625536fa8) 
thrown [s\open\src\hotspot\share\interpreter\linkResolver.cpp, line 805]
Event: 0.280 Thread 0x000001b64d5a63d0 Exception <a 'java/lang/NoSuchMethodError'{0x0000000625581928}: 'double java.lang.invoke.DirectMethodHandle$Holder.invokeInterface(java.lang.Object, java.lang.Object)'> (0x0000000625581928) 
thrown [s\open\src\hotspot\share\interpreter\linkResolver.cpp, line 805]
Event: 0.281 Thread 0x000001b64d5a63d0 Exception <a 'java/lang/NoSuchMethodError'{0x0000000625592598}: 'double java.lang.invoke.DelegatingMethodHandle$Holder.reinvoke_L(java.lang.Object, java.lang.Object)'> (0x0000000625592598) 
thrown [s\open\src\hotspot\share\interpreter\linkResolver.cpp, line 805]
Event: 0.483 Thread 0x000001b64d5a63d0 Exception <a 'java/lang/NoSuchMethodError'{0x00000006255ba1c8}: 'long java.lang.invoke.DirectMethodHandle$Holder.invokeVirtual(java.lang.Object, java.lang.Object)'> (0x00000006255ba1c8) 
thrown [s\open\src\hotspot\share\interpreter\linkResolver.cpp, line 805]
Event: 0.483 Thread 0x000001b64d5a63d0 Exception <a 'java/lang/NoSuchMethodError'{0x00000006255c24b8}: 'java.lang.Object java.lang.invoke.DirectMethodHandle$Holder.invokeStatic(java.lang.Object, long)'> (0x00000006255c24b8) 
thrown [s\open\src\hotspot\share\interpreter\linkResolver.cpp, line 805]
Event: 0.483 Thread 0x000001b64d5a63d0 Exception <a 'java/lang/NoSuchMethodError'{0x00000006255d2560}: 'long java.lang.invoke.DelegatingMethodHandle$Holder.reinvoke_L(java.lang.Object, java.lang.Object)'> (0x00000006255d2560) 
thrown [s\open\src\hotspot\share\interpreter\linkResolver.cpp, line 805]
Event: 103.441 Thread 0x000001b64d0156d0 Implicit null exception at 0x000001b670595eb9 to 0x000001b6705968c4
Event: 103.442 Thread 0x000001b64d0156d0 Implicit null exception at 0x000001b6705e5d1d to 0x000001b6705e5d99
Event: 103.448 Thread 0x000001b64d0156d0 Exception <a 'java/lang/NoSuchMethodError'{0x0000000625140a30}: 'void java.lang.invoke.DirectMethodHandle$Holder.invokeStaticInit(java.lang.Object)'> (0x0000000625140a30) 
thrown [s\open\src\hotspot\share\interpreter\linkResolver.cpp, line 805]
Event: 103.452 Thread 0x000001b64d0156d0 Exception <a 'java/lang/NoSuchMethodError'{0x00000006251a2248}: 'java.lang.Object java.lang.invoke.DirectMethodHandle$Holder.newInvokeSpecial(java.lang.Object, java.lang.Object, java.lang.Object, java.lang.Object, java.lang.Object)'> (0x00000006251a2248) 
thrown [s\open\src\hotspot\share\interpreter\linkResolver.cpp, line 805]
Event: 103.472 Thread 0x000001b64d0156d0 Exception <a 'java/lang/NoSuchMethodError'{0x0000000625337138}: 'int java.lang.invoke.DirectMethodHandle$Holder.invokeStatic(java.lang.Object, java.lang.Object, java.lang.Object, java.lang.Object)'> (0x0000000625337138) 
thrown [s\open\src\hotspot\share\interpreter\linkResolver.cpp, line 805]
Event: 103.516 Thread 0x000001b64d0156d0 Exception <a 'java/lang/NoSuchMethodError'{0x0000000624f33208}: 'void java.lang.invoke.DirectMethodHandle$Holder.invokeSpecial(java.lang.Object, java.lang.Object, int)'> (0x0000000624f33208) 
thrown [s\open\src\hotspot\share\interpreter\linkResolver.cpp, line 805]
Event: 103.516 Thread 0x000001b64d0156d0 Exception <a 'java/lang/NoSuchMethodError'{0x0000000624f3ae28}: 'void java.lang.invoke.Invokers$Holder.invokeExact_MT(java.lang.Object, int, java.lang.Object)'> (0x0000000624f3ae28) 
thrown [s\open\src\hotspot\share\interpreter\linkResolver.cpp, line 805]
Event: 103.517 Thread 0x000001b64d0156d0 Exception <a 'java/lang/NoSuchMethodError'{0x0000000624f55608}: 'void java.lang.invoke.DirectMethodHandle$Holder.invokeStatic(java.lang.Object, java.lang.Object, int)'> (0x0000000624f55608) 
thrown [s\open\src\hotspot\share\interpreter\linkResolver.cpp, line 805]
Event: 103.518 Thread 0x000001b64d0156d0 Exception <a 'java/lang/NoSuchMethodError'{0x0000000624f64510}: 'java.lang.Object java.lang.invoke.DirectMethodHandle$Holder.newInvokeSpecial(java.lang.Object, java.lang.Object, int)'> (0x0000000624f64510) 
thrown [s\open\src\hotspot\share\interpreter\linkResolver.cpp, line 805]
Event: 103.521 Thread 0x000001b64d0156d0 Exception <a 'sun/nio/fs/WindowsException'{0x0000000624f98808}> (0x0000000624f98808) 
thrown [s\open\src\hotspot\share\prims\jni.cpp, line 518]
Event: 103.522 Thread 0x000001b64d0156d0 Exception <a 'sun/nio/fs/WindowsException'{0x0000000624fa5770}> (0x0000000624fa5770) 
thrown [s\open\src\hotspot\share\prims\jni.cpp, line 518]
Event: 103.524 Thread 0x000001b64d0156d0 Exception <a 'sun/nio/fs/WindowsException'{0x0000000624fb7780}> (0x0000000624fb7780) 
thrown [s\open\src\hotspot\share\prims\jni.cpp, line 518]

VM Operations (16 events):
Event: 0.041 Executing VM operation: HandshakeAllThreads (Deoptimize)
Event: 0.041 Executing VM operation: HandshakeAllThreads (Deoptimize) done
Event: 0.214 Executing VM operation: HandshakeAllThreads (Deoptimize)
Event: 0.214 Executing VM operation: HandshakeAllThreads (Deoptimize) done
Event: 0.245 Executing VM operation: HandshakeAllThreads (Deoptimize)
Event: 0.245 Executing VM operation: HandshakeAllThreads (Deoptimize) done
Event: 0.267 Executing VM operation: HandshakeAllThreads (Deoptimize)
Event: 0.267 Executing VM operation: HandshakeAllThreads (Deoptimize) done
Event: 60.160 Executing VM operation: HandshakeAllThreads (HandshakeForDeflation)
Event: 60.160 Executing VM operation: HandshakeAllThreads (HandshakeForDeflation) done
Event: 60.160 Executing VM operation: RendezvousGCThreads
Event: 60.160 Executing VM operation: RendezvousGCThreads done
Event: 103.519 Executing VM operation: HandshakeAllThreads (Deoptimize)
Event: 103.519 Executing VM operation: HandshakeAllThreads (Deoptimize) done
Event: 103.538 Executing VM operation: JFRSafepointClear
Event: 103.538 Executing VM operation: JFRSafepointClear done

Memory protections (0 events):
No events

Nmethod flushes (0 events):
No events

Events (20 events):
Event: 0.023 Thread 0x000001b660208c60 Thread added: 0x000001b64d0156d0
Event: 0.023 Thread 0x000001b660208c60 Thread added: 0x000001b64d016200
Event: 0.023 Thread 0x000001b660208c60 Thread added: 0x000001b64d017d40
Event: 0.023 Thread 0x000001b660208c60 Thread added: 0x000001b64d01d0f0
Event: 0.023 Thread 0x000001b660208c60 Thread added: 0x000001b64d031860
Event: 0.054 Thread 0x000001b660208c60 Thread added: 0x000001b64d1f6ec0
Event: 0.067 Thread 0x000001b660208c60 Thread added: 0x000001b64d214170
Event: 0.067 Thread 0x000001b660208c60 Thread added: 0x000001b64d2148b0
Event: 0.162 Thread 0x000001b64d031860 Thread added: 0x000001b64d02fa20
Event: 0.194 Thread 0x000001b64d031860 Thread added: 0x000001b64d0301b0
Event: 0.248 Thread 0x000001b64d0156d0 Thread added: 0x000001b64da24bf0
Event: 0.256 Thread 0x000001b64da24bf0 Thread added: 0x000001b64d5a63d0
Event: 0.264 Thread 0x000001b64d5a63d0 Thread added: 0x000001b64d5aef80
Event: 0.267 Thread 0x000001b64d5a63d0 Thread added: 0x000001b64d5af6c0
Event: 0.481 Thread 0x000001b64d02fa20 Thread exited: 0x000001b64d02fa20
Event: 0.481 Thread 0x000001b64d0301b0 Thread exited: 0x000001b64d0301b0
Event: 103.439 Thread 0x000001b64d031860 Thread added: 0x000001b64d032f10
Event: 103.446 Thread 0x000001b64d0156d0 Thread added: 0x000001b64d1191b0
Event: 103.479 Thread 0x000001b64d031860 Thread added: 0x000001b64d032780
Event: 103.518 Thread 0x000001b64d0156d0 Thread added: 0x000001b64d119900


Dynamic libraries:
0x00007ff716200000 - 0x00007ff71620e000 	C:\Users\DrozzzD35\.jdks\openjdk-24.0.1\bin\java.exe
0x00007ff9d4ba0000 - 0x00007ff9d4e08000 	C:\Windows\SYSTEM32\ntdll.dll
0x00007ff9d30e0000 - 0x00007ff9d31a9000 	C:\Windows\System32\KERNEL32.DLL
0x00007ff9d1d30000 - 0x00007ff9d2122000 	C:\Windows\System32\KERNELBASE.dll
0x00007ff9d2820000 - 0x00007ff9d296b000 	C:\Windows\System32\ucrtbase.dll
0x00007ff9ac600000 - 0x00007ff9ac616000 	C:\Users\DrozzzD35\.jdks\openjdk-24.0.1\bin\jli.dll
0x00007ff9ac5e0000 - 0x00007ff9ac5fb000 	C:\Users\DrozzzD35\.jdks\openjdk-24.0.1\bin\VCRUNTIME140.dll
0x00007ff9d3410000 - 0x00007ff9d35d5000 	C:\Windows\System32\USER32.dll
0x00007ff9d2540000 - 0x00007ff9d2567000 	C:\Windows\System32\win32u.dll
0x00007ff9ba720000 - 0x00007ff9ba9b3000 	C:\Windows\WinSxS\amd64_microsoft.windows.common-controls_6595b64144ccf1df_6.0.26100.6899_none_3e0efeeae32e88c1\COMCTL32.dll
0x00007ff9d41d0000 - 0x00007ff9d41fb000 	C:\Windows\System32\GDI32.dll
0x00007ff9d29c0000 - 0x00007ff9d2a69000 	C:\Windows\System32\msvcrt.dll
0x00007ff9d26f0000 - 0x00007ff9d281d000 	C:\Windows\System32\gdi32full.dll
0x00007ff9d23f0000 - 0x00007ff9d2493000 	C:\Windows\System32\msvcp_win.dll
0x00007ff9d4270000 - 0x00007ff9d429f000 	C:\Windows\System32\IMM32.DLL
0x00007ff9ac440000 - 0x00007ff9ac44c000 	C:\Users\DrozzzD35\.jdks\openjdk-24.0.1\bin\vcruntime140_1.dll
0x00007ff998900000 - 0x00007ff99898e000 	C:\Users\DrozzzD35\.jdks\openjdk-24.0.1\bin\msvcp140.dll
0x00007ff955fb0000 - 0x00007ff956d52000 	C:\Users\DrozzzD35\.jdks\openjdk-24.0.1\bin\server\jvm.dll
0x00007ff9d35e0000 - 0x00007ff9d3694000 	C:\Windows\System32\ADVAPI32.dll
0x00007ff9d4ab0000 - 0x00007ff9d4b56000 	C:\Windows\System32\sechost.dll
0x00007ff9d36a0000 - 0x00007ff9d37b8000 	C:\Windows\System32\RPCRT4.dll
0x00007ff9d3330000 - 0x00007ff9d33a4000 	C:\Windows\System32\WS2_32.dll
0x00007ff9d1730000 - 0x00007ff9d178e000 	C:\Windows\SYSTEM32\POWRPROF.dll
0x00007ff9c68d0000 - 0x00007ff9c6905000 	C:\Windows\SYSTEM32\WINMM.dll
0x00007ff9cc360000 - 0x00007ff9cc36b000 	C:\Windows\SYSTEM32\VERSION.dll
0x00007ff9d1610000 - 0x00007ff9d1624000 	C:\Windows\SYSTEM32\UMPDC.dll
0x00007ff9d0ac0000 - 0x00007ff9d0adb000 	C:\Windows\SYSTEM32\kernel.appcore.dll
0x00007ff9ac140000 - 0x00007ff9ac14a000 	C:\Users\DrozzzD35\.jdks\openjdk-24.0.1\bin\jimage.dll
0x00007ff9bdd20000 - 0x00007ff9bdf62000 	C:\Windows\SYSTEM32\DBGHELP.DLL
0x00007ff9d4510000 - 0x00007ff9d488b000 	C:\Windows\System32\combase.dll
0x00007ff9d37e0000 - 0x00007ff9d38b7000 	C:\Windows\System32\OLEAUT32.dll
0x00007ff9b9c00000 - 0x00007ff9b9c3c000 	C:\Windows\SYSTEM32\dbgcore.DLL
0x00007ff9d24a0000 - 0x00007ff9d2538000 	C:\Windows\System32\bcryptPrimitives.dll
0x00007ff9a3fe0000 - 0x00007ff9a3fef000 	C:\Users\DrozzzD35\.jdks\openjdk-24.0.1\bin\instrument.dll
0x00007ff9a7d20000 - 0x00007ff9a7d3e000 	C:\Users\DrozzzD35\.jdks\openjdk-24.0.1\bin\java.dll
0x00007ff9d4020000 - 0x00007ff9d41b8000 	C:\Windows\System32\ole32.dll
0x00007ff9d38c0000 - 0x00007ff9d400d000 	C:\Windows\System32\SHELL32.dll
0x00007ff9d2130000 - 0x00007ff9d229b000 	C:\Windows\System32\wintypes.dll
0x00007ff9cf960000 - 0x00007ff9d01bd000 	C:\Windows\SYSTEM32\windows.storage.dll
0x00007ff9d4380000 - 0x00007ff9d4472000 	C:\Windows\System32\SHCORE.dll
0x00007ff9d4200000 - 0x00007ff9d4262000 	C:\Windows\System32\shlwapi.dll
0x00007ff9d1c50000 - 0x00007ff9d1c79000 	C:\Windows\SYSTEM32\profapi.dll
0x00007ff9570e0000 - 0x00007ff9571b7000 	C:\Users\DrozzzD35\.jdks\openjdk-24.0.1\bin\jsvml.dll
0x00007ff9a6a10000 - 0x00007ff9a6a27000 	C:\Users\DrozzzD35\.jdks\openjdk-24.0.1\bin\zip.dll
0x00007ff9a6d50000 - 0x00007ff9a6d60000 	C:\Users\DrozzzD35\.jdks\openjdk-24.0.1\bin\net.dll
0x00007ff9d1010000 - 0x00007ff9d107b000 	C:\Windows\system32\mswsock.dll
0x00007ff9a6a30000 - 0x00007ff9a6a46000 	C:\Users\DrozzzD35\.jdks\openjdk-24.0.1\bin\nio.dll
0x00007ff9a6a00000 - 0x00007ff9a6a09000 	C:\Users\DrozzzD35\.jdks\openjdk-24.0.1\bin\extnet.dll
0x00007ff9d0550000 - 0x00007ff9d0676000 	C:\Windows\SYSTEM32\DNSAPI.dll
0x00007ff9d04c0000 - 0x00007ff9d04f4000 	C:\Windows\SYSTEM32\IPHLPAPI.DLL
0x00007ff9d4aa0000 - 0x00007ff9d4aaa000 	C:\Windows\System32\NSI.dll
0x00007ff9cc350000 - 0x00007ff9cc35b000 	C:\Windows\System32\rasadhlp.dll
0x00007ff9cb170000 - 0x00007ff9cb1f6000 	C:\Windows\System32\fwpuclnt.dll
0x00007ff9a69f0000 - 0x00007ff9a69fa000 	C:\Users\DrozzzD35\.jdks\openjdk-24.0.1\bin\management.dll
0x00007ff9a69e0000 - 0x00007ff9a69eb000 	C:\Users\DrozzzD35\.jdks\openjdk-24.0.1\bin\management_ext.dll
0x00007ff9d42b0000 - 0x00007ff9d42b8000 	C:\Windows\System32\PSAPI.DLL
0x00007ff9d13f0000 - 0x00007ff9d140b000 	C:\Windows\SYSTEM32\CRYPTSP.dll
0x00007ff9d0a20000 - 0x00007ff9d0a5b000 	C:\Windows\system32\rsaenh.dll
0x00007ff9d10b0000 - 0x00007ff9d10db000 	C:\Windows\SYSTEM32\USERENV.dll
0x00007ff9d1c20000 - 0x00007ff9d1c46000 	C:\Windows\SYSTEM32\bcrypt.dll
0x00007ff9d1250000 - 0x00007ff9d125c000 	C:\Windows\SYSTEM32\CRYPTBASE.dll
0x00007ff9ac150000 - 0x00007ff9ac168000 	C:\Windows\system32\napinsp.dll
0x00007ff9a8c30000 - 0x00007ff9a8c42000 	C:\Windows\System32\winrnr.dll
0x00007ff993790000 - 0x00007ff9937b8000 	C:\Windows\system32\nlansp_c.dll
0x00007ff9a0100000 - 0x00007ff9a0116000 	C:\Windows\system32\wshbth.dll
0x00007ff9b7a00000 - 0x00007ff9b7a56000 	C:\Windows\SYSTEM32\pdh.dll
0x00007ff9ae9b0000 - 0x00007ff9ae9c2000 	C:\Windows\System32\perfproc.dll
0x00007ff9aedf0000 - 0x00007ff9aee01000 	C:\Windows\System32\perfos.dll
0x00007ff9cf0f0000 - 0x00007ff9cf102000 	C:\Windows\SYSTEM32\pfclient.dll
0x00007ff9571c0000 - 0x00007ff9573b8000 	C:\Users\DrozzzD35\AppData\Local\Temp\idea_libasyncProfiler_dll_temp_folder9\libasyncProfiler.dll

JVMTI agents:
C:\Program Files\JetBrains\IntelliJIdea2025.1\lib\idea_rt.jar path:C:\Users\DrozzzD35\.jdks\openjdk-24.0.1\bin\instrument.dll, loaded, initialized, instrumentlib options:53946

dbghelp: loaded successfully - version: 4.0.5 - missing functions: none
symbol engine: initialized successfully - sym options: 0x614 - pdb path: .;C:\Users\DrozzzD35\.jdks\openjdk-24.0.1\bin;C:\Windows\SYSTEM32;C:\Windows\WinSxS\amd64_microsoft.windows.common-controls_6595b64144ccf1df_6.0.26100.6899_none_3e0efeeae32e88c1;C:\Users\DrozzzD35\.jdks\openjdk-24.0.1\bin\server;C:\Users\DrozzzD35\AppData\Local\Temp\idea_libasyncProfiler_dll_temp_folder9

VM Arguments:
jvm_args: -javaagent:C:\Program Files\JetBrains\IntelliJIdea2025.1\lib\idea_rt.jar=53946 -Dfile.encoding=UTF-8 -Dsun.stdout.encoding=UTF-8 -Dsun.stderr.encoding=UTF-8 
java_command: Main
java_class_path (initial): C:\Users\DrozzzD35\IdeaProjects\Bookkeeping\out\production\Bookkeeping
Launcher Type: SUN_STANDARD

[Global flags]
     intx CICompilerCount                          = 4                                         {product} {ergonomic}
     uint ConcGCThreads                            = 3                                         {product} {ergonomic}
     bool FlightRecorder                           = true                                      {product} {management}
     uint G1ConcRefinementThreads                  = 10                                        {product} {ergonomic}
   size_t G1HeapRegionSize                         = 4194304                                   {product} {ergonomic}
   size_t InitialHeapSize                          = 532676608                                 {product} {ergonomic}
   size_t MarkStackSize                            = 4194304                                   {product} {ergonomic}
   size_t MarkStackSizeMax                         = 536870912                                 {product} {ergonomic}
   size_t MaxHeapSize                              = 8476688384                                {product} {ergonomic}
   size_t MaxNewSize                               = 5083496448                                {product} {ergonomic}
   size_t MinHeapDeltaBytes                        = 4194304                                   {product} {ergonomic}
   size_t MinHeapSize                              = 8388608                                   {product} {ergonomic}
    uintx NonNMethodCodeHeapSize                   = 5832704                                {pd product} {ergonomic}
    uintx NonProfiledCodeHeapSize                  = 122945536                              {pd product} {ergonomic}
    uintx ProfiledCodeHeapSize                     = 122880000                              {pd product} {ergonomic}
    uintx ReservedCodeCacheSize                    = 251658240                              {pd product} {ergonomic}
     bool SegmentedCodeCache                       = true                                      {product} {ergonomic}
   size_t SoftMaxHeapSize                          = 8476688384                             {manageable} {ergonomic}
     bool UseCompressedOops                        = true                           {product lp64_product} {ergonomic}
     bool UseG1GC                                  = true                                      {product} {ergonomic}
     bool UseLargePagesIndividualAllocation        = false                                  {pd product} {ergonomic}

Logging:
Log output configuration:
 #0: stdout all=warning uptime,level,tags foldmultilines=false
 #1: stderr all=off uptime,level,tags foldmultilines=false

Environment Variables:
PATH=C:\Program Files (x86)\Common Files\Oracle\Java\java8path;C:\Program Files (x86)\Common Files\Oracle\Java\javapath;C:\Windows\system32;C:\Windows;C:\Windows\System32\Wbem;C:\Windows\System32\WindowsPowerShell\v1.0\;C:\Windows\System32\OpenSSH\;C:\Program Files\NVIDIA Corporation\NVIDIA App\NvDLISR;C:\Program Files (x86)\NVIDIA Corporation\PhysX\Common;C:\Program Files\Git\cmd;C:\Program Files\dotnet\;%MAVEN_HOME%\bin;C:\Program Files\TortoiseGit\bin;C:\Program Files\WireGuard\;C:\Program Files\AmneziaWG\;C:\Users\DrozzzD35\AppData\Local\Microsoft\WindowsApps;C:\Users\DrozzzD35\.dotnet\tools
USERNAME=DrozzzD35
OS=Windows_NT
PROCESSOR_IDENTIFIER=AMD64 Family 25 Model 97 Stepping 2, AuthenticAMD
TMP=C:\Users\DROZZZ~1\AppData\Local\Temp
TEMP=C:\Users\DROZZZ~1\AppData\Local\Temp




Periodic native trim disabled

---------------  S Y S T E M  ---------------

OS:
 Windows 11 , 64 bit Build 26100 (10.0.26100.6725)
OS uptime: 0 days 2:29 hours
Hyper-V role detected

CPU: total 12 (initial active 12) (12 cores per cpu, 2 threads per core) family 25 model 97 stepping 2 microcode 0xa601206, cx8, cmov, fxsr, ht, mmx, 3dnowpref, sse, sse2, sse3, ssse3, sse4a, sse4.1, sse4.2, popcnt, lzcnt, tsc, tscinvbit, avx, avx2, aes, erms, clmul, bmi1, bmi2, adx, avx512f, avx512dq, avx512cd, avx512bw, avx512vl, sha, fma, vzeroupper, avx512_vpopcntdq, avx512_vpclmulqdq, avx512_vaes, avx512_vnni, clflush, clflushopt, avx512_vbmi2, avx512_vbmi, hv, rdtscp, rdpid, fsrm, gfni, avx512_bitalg, f16c, cet_ss, avx512_ifma
Processor Information for the first 12 processors :
  Max Mhz: 3701, Current Mhz: 3701, Mhz Limit: 3701

Memory: 4k page, system-wide physical 32333M (20204M free)
TotalPageFile size 37318M (AvailPageFile size 22468M)
current process WorkingSet (physical memory assigned to process): 104M, peak: 104M
current process commit charge ("private bytes"): 663M, peak: 664M

vm_info: OpenJDK 64-Bit Server VM (24.0.1+9-30) for windows-amd64 JRE (24.0.1+9-30), built on 2025-03-05T07:23:45Z with MS VC++ 17.6 (VS2022)

END.
